The system is: Linux - 5.10.16.3-microsoft-standard-WSL2 - x86_64
Compiling the C compiler identification source file "CMakeCCompilerId.c" succeeded.
Compiler: /usr/bin/cc 
Build flags: 
Id flags:  

The output was:
0


Compilation of the C compiler identification source "CMakeCCompilerId.c" produced "a.out"

The C compiler identification is GNU, found in "/mnt/d/Education/V семестр/Архітектура комп'ютерів/Lab 2/project/build/CMakeFiles/3.16.3/CompilerIdC/a.out"

Determining if the C compiler works passed with the following output:
Change Dir: /mnt/d/Education/V семестр/Архітектура комп'ютерів/Lab 2/project/build/CMakeFiles/CMakeTmp

Run Build Command(s):/usr/bin/ninja cmTC_608ec && [1/2] Building C object CMakeFiles/cmTC_608ec.dir/testCCompiler.c.o
[2/2] Linking C executable cmTC_608ec



Compiling the CXX compiler identification source file "CMakeCXXCompilerId.cpp" succeeded.
Compiler: /usr/bin/c++ 
Build flags: 
Id flags:  

The output was:
0


Compilation of the CXX compiler identification source "CMakeCXXCompilerId.cpp" produced "a.out"

The CXX compiler identification is GNU, found in "/mnt/d/Education/V семестр/Архітектура комп'ютерів/Lab 2/project/build/CMakeFiles/3.16.3/CompilerIdCXX/a.out"

Determining if the CXX compiler works passed with the following output:
Change Dir: /mnt/d/Education/V семестр/Архітектура комп'ютерів/Lab 2/project/build/CMakeFiles/CMakeTmp

Run Build Command(s):/usr/bin/ninja cmTC_24af9 && [1/2] Building CXX object CMakeFiles/cmTC_24af9.dir/testCXXCompiler.cxx.o
[2/2] Linking CXX executable cmTC_24af9



